

Terminals which are not used:

ASM
AUTO
BREAK
CASE
CATCH
CLASS
CONST
CONST_CAST
CONTINUE
DEFAULT
DELETE
DO
DYNAMIC_CAST
ELSE
ENUM
EXPLICIT
EXPORT
EXTERN
FALSE
FOR
FRIEND
GOTO
IF
INLINE
MUTABLE
NAMESPACE
NEW
OPERATOR
PRIVATE
PROTECTED
PUBLIC
REGISTER
REINTERPRET_CAST
RETURN
SIZEOF
STATIC
STATIC_CAST
STRUCT
SWITCH
TEMPLATE
THIS
THROW
TRUE
TRY
TYPEDEF
TYPEID
TYPENAME
UNION
USING
VIRTUAL
VOLATILE
WHILE
ELLIPSIS
SCOPE
INC
DEC
ARROW
ARROW_STAR
DOT_STAR
ASS_ADD
ASS_AND
ASS_DIV
ASS_MOD
ASS_MUL
ASS_OR
ASS_SHL
ASS_SHR
ASS_SUB
ASS_XOR
BuiltInTypeSpecifier
MetaType
TreeLiteral
ERROR
NIL
RAMMARG
BODY
DERIVED
EMIT
ENTRY
EXIT
FILE
FROZEN
GUARD
IMPLEMENTATION
INCLUDE
INTERFACE
NOGUARD
NOIMPLEMENTATION
OVERLOAD
PATH
POOL
POST
PRE
PREFIX
PURE
SUFFIX
UTILITY
ALL
PLACEHOLDER
PLACEMENT
NOAUTO
HASH_BLANK
HASH_DEFINE
HASH_ELIF
HASH_ELSE
HASH_ENDIF
HASH_ERROR
HASH_IF
HASH_IFDEF
HASH_IFNDEF
HASH_INCLUDE
HASH_LINE
HASH_PRAGMA
HASH_UNDEF
DI_HASH_HASH
DI_HASH
DI_SQUARE
DI_ERAUQS
DI_ECARB
DEFINED
DO_FUNCTION
Text
SHIFT_THERE
REDUCE_HERE_MOSTLY
REDUCE_HERE
BOOL
CHAR
DOUBLE
FLOAT
INT
LONG
SHORT
SIGNED
UNSIGNED
VOID
WCHAR_T
IntegerLiteral
FloatingLiteral



Grammar
rule 1    gram -> ws.opt '(' args ')'
rule 2    gram -> error
rule 3    args ->		/* empty */
rule 4    args -> args tokens
rule 5    args -> args ','
rule 6    toks0 -> '('
rule 7    toks0 -> toks0 tokens
rule 8    toks0 -> toks0 ','
rule 9    tokens -> punct
rule 10   tokens -> '{'
rule 11   tokens -> ' '
rule 12   tokens -> CharacterLiteral
rule 13   tokens -> Identifier
rule 14   tokens -> MacroId
rule 15   tokens -> NewLine
rule 16   tokens -> NumberLiteral
rule 17   tokens -> StringLiteral
rule 18   tokens -> toks0 ')'
rule 19   punct -> Punct
rule 20   punct -> HASH_HASH
rule 21   punct -> SHL
rule 22   punct -> SHR
rule 23   punct -> EQ
rule 24   punct -> NE
rule 25   punct -> LE
rule 26   punct -> GE
rule 27   punct -> LOG_AND
rule 28   punct -> LOG_OR
rule 29   punct -> '#'
rule 30   punct -> '}'
rule 31   punct -> '['
rule 32   punct -> ']'
rule 33   punct -> ';'
rule 34   punct -> ':'
rule 35   punct -> '?'
rule 36   punct -> '.'
rule 37   punct -> '+'
rule 38   punct -> '-'
rule 39   punct -> '*'
rule 40   punct -> '/'
rule 41   punct -> '%'
rule 42   punct -> '^'
rule 43   punct -> '&'
rule 44   punct -> '|'
rule 45   punct -> '~'
rule 46   punct -> '!'
rule 47   punct -> '='
rule 48   punct -> '<'
rule 49   punct -> '>'
rule 50   punct -> '@'
rule 51   punct -> '$'
rule 52   punct -> '\''
rule 53   punct -> '"'
rule 54   punct -> '\\'
rule 55   ws.opt ->		/* empty */
rule 56   ws.opt -> ws.opt ' '
rule 57   ws.opt -> ws.opt NewLine

Terminals, with rules where they appear

$ (-1)
' ' (32) 11 56
'!' (33) 46
'"' (34) 53
'#' (35) 29
'$' (36) 51
'%' (37) 41
'&' (38) 43
'\'' (39) 52
'(' (40) 1 6
')' (41) 1 18
'*' (42) 39
'+' (43) 37
',' (44) 5 8
'-' (45) 38
'.' (46) 36
'/' (47) 40
':' (58) 34
';' (59) 33
'<' (60) 48
'=' (61) 47
'>' (62) 49
'?' (63) 35
'@' (64) 50
'[' (91) 31
'\\' (92) 54
']' (93) 32
'^' (94) 42
'{' (123) 10
'|' (124) 44
'}' (125) 30
'~' (126) 45
error (256) 2
ASM (258)
AUTO (259)
BREAK (260)
CASE (261)
CATCH (262)
CLASS (263)
CONST (264)
CONST_CAST (265)
CONTINUE (266)
DEFAULT (267)
DELETE (268)
DO (269)
DYNAMIC_CAST (270)
ELSE (271)
ENUM (272)
EXPLICIT (273)
EXPORT (274)
EXTERN (275)
FALSE (276)
FOR (277)
FRIEND (278)
GOTO (279)
IF (280)
INLINE (281)
MUTABLE (282)
NAMESPACE (283)
NEW (284)
OPERATOR (285)
PRIVATE (286)
PROTECTED (287)
PUBLIC (288)
REGISTER (289)
REINTERPRET_CAST (290)
RETURN (291)
SIZEOF (292)
STATIC (293)
STATIC_CAST (294)
STRUCT (295)
SWITCH (296)
TEMPLATE (297)
THIS (298)
THROW (299)
TRUE (300)
TRY (301)
TYPEDEF (302)
TYPEID (303)
TYPENAME (304)
UNION (305)
USING (306)
VIRTUAL (307)
VOLATILE (308)
WHILE (309)
ELLIPSIS (310)
SCOPE (311)
SHL (312) 21
SHR (313) 22
EQ (314) 23
NE (315) 24
LE (316) 25
GE (317) 26
LOG_AND (318) 27
LOG_OR (319) 28
INC (320)
DEC (321)
ARROW (322)
ARROW_STAR (323)
DOT_STAR (324)
ASS_ADD (325)
ASS_AND (326)
ASS_DIV (327)
ASS_MOD (328)
ASS_MUL (329)
ASS_OR (330)
ASS_SHL (331)
ASS_SHR (332)
ASS_SUB (333)
ASS_XOR (334)
BuiltInTypeSpecifier (335)
CharacterLiteral (336) 12
Identifier (337) 13
MetaType (338)
NewLine (339) 15 57
NumberLiteral (340) 16
StringLiteral (341) 17
TreeLiteral (342)
ERROR (343)
NIL (344)
RAMMARG (345)
BODY (346)
DERIVED (347)
EMIT (348)
ENTRY (349)
EXIT (350)
FILE (351)
FROZEN (352)
GUARD (353)
IMPLEMENTATION (354)
INCLUDE (355)
INTERFACE (356)
NOGUARD (357)
NOIMPLEMENTATION (358)
OVERLOAD (359)
PATH (360)
POOL (361)
POST (362)
PRE (363)
PREFIX (364)
PURE (365)
SUFFIX (366)
UTILITY (367)
ALL (368)
PLACEHOLDER (369)
PLACEMENT (370)
NOAUTO (371)
HASH_BLANK (372)
HASH_DEFINE (373)
HASH_ELIF (374)
HASH_ELSE (375)
HASH_ENDIF (376)
HASH_ERROR (377)
HASH_IF (378)
HASH_IFDEF (379)
HASH_IFNDEF (380)
HASH_INCLUDE (381)
HASH_LINE (382)
HASH_PRAGMA (383)
HASH_UNDEF (384)
HASH_HASH (385) 20
DI_HASH_HASH (386)
DI_HASH (387)
DI_SQUARE (388)
DI_ERAUQS (389)
DI_ECARB (390)
DEFINED (391)
DO_FUNCTION (392)
MacroId (393) 14
Punct (394) 19
Text (395)
SHIFT_THERE (396)
REDUCE_HERE_MOSTLY (397)
REDUCE_HERE (398)
BOOL (399)
CHAR (400)
DOUBLE (401)
FLOAT (402)
INT (403)
LONG (404)
SHORT (405)
SIGNED (406)
UNSIGNED (407)
VOID (408)
WCHAR_T (409)
IntegerLiteral (410)
FloatingLiteral (411)

Nonterminals, with rules where they appear

gram (188)
on left: 1 2
args (189)
on left: 3 4 5, on right: 1 4 5
toks0 (190)
on left: 6 7 8, on right: 7 8 18
tokens (191)
on left: 9 10 11 12 13 14 15 16 17 18, on right: 4 7
punct (192)
on left: 19 20 21 22 23 24 25 26 27 28 29 30 31 32 33 34 35 36
37 38 39 40 41 42 43 44 45 46 47 48 49 50 51 52 53 54,
on right: 9
ws.opt (193)
on left: 55 56 57, on right: 1 56 57


state 0

error	shift, and go to state 1


gram	go to state 60
ws.opt	go to state 2



state 1

gram  ->  error .   (rule 2)

$default	reduce using rule 2 (gram)



state 2

gram  ->  ws.opt . '(' args ')'   (rule 1)
ws.opt  ->  ws.opt . ' '   (rule 56)
ws.opt  ->  ws.opt . NewLine   (rule 57)

NewLine	shift, and go to state 3
'(' 	shift, and go to state 4
' ' 	shift, and go to state 5



state 3

ws.opt  ->  ws.opt NewLine .   (rule 57)

$default	reduce using rule 57 (ws.opt)



state 4

gram  ->  ws.opt '(' . args ')'   (rule 1)

$default	reduce using rule 3 (args)

args	go to state 6



state 5

ws.opt  ->  ws.opt ' ' .   (rule 56)

$default	reduce using rule 56 (ws.opt)



state 6

gram  ->  ws.opt '(' args . ')'   (rule 1)
args  ->  args . tokens   (rule 4)
args  ->  args . ','   (rule 5)

SHL 	shift, and go to state 7
SHR 	shift, and go to state 8
EQ  	shift, and go to state 9
NE  	shift, and go to state 10
LE  	shift, and go to state 11
GE  	shift, and go to state 12
LOG_AND	shift, and go to state 13
LOG_OR	shift, and go to state 14
CharacterLiteral	shift, and go to state 15
Identifier	shift, and go to state 16
NewLine	shift, and go to state 17
NumberLiteral	shift, and go to state 18
StringLiteral	shift, and go to state 19
HASH_HASH	shift, and go to state 20
MacroId	shift, and go to state 21
Punct	shift, and go to state 22
'{' 	shift, and go to state 23
'}' 	shift, and go to state 24
'[' 	shift, and go to state 25
']' 	shift, and go to state 26
'#' 	shift, and go to state 27
'(' 	shift, and go to state 28
')' 	shift, and go to state 29
';' 	shift, and go to state 30
':' 	shift, and go to state 31
'?' 	shift, and go to state 32
'.' 	shift, and go to state 33
'+' 	shift, and go to state 34
'-' 	shift, and go to state 35
'*' 	shift, and go to state 36
'/' 	shift, and go to state 37
'%' 	shift, and go to state 38
'^' 	shift, and go to state 39
'&' 	shift, and go to state 40
'|' 	shift, and go to state 41
'~' 	shift, and go to state 42
'!' 	shift, and go to state 43
'=' 	shift, and go to state 44
'<' 	shift, and go to state 45
'>' 	shift, and go to state 46
',' 	shift, and go to state 47
'@' 	shift, and go to state 48
'$' 	shift, and go to state 49
'\''	shift, and go to state 50
'"' 	shift, and go to state 51
'\\'	shift, and go to state 52
' ' 	shift, and go to state 53

toks0	go to state 54
tokens	go to state 55
punct	go to state 56



state 7

punct  ->  SHL .   (rule 21)

$default	reduce using rule 21 (punct)



state 8

punct  ->  SHR .   (rule 22)

$default	reduce using rule 22 (punct)



state 9

punct  ->  EQ .   (rule 23)

$default	reduce using rule 23 (punct)



state 10

punct  ->  NE .   (rule 24)

$default	reduce using rule 24 (punct)



state 11

punct  ->  LE .   (rule 25)

$default	reduce using rule 25 (punct)



state 12

punct  ->  GE .   (rule 26)

$default	reduce using rule 26 (punct)



state 13

punct  ->  LOG_AND .   (rule 27)

$default	reduce using rule 27 (punct)



state 14

punct  ->  LOG_OR .   (rule 28)

$default	reduce using rule 28 (punct)



state 15

tokens  ->  CharacterLiteral .   (rule 12)

$default	reduce using rule 12 (tokens)



state 16

tokens  ->  Identifier .   (rule 13)

$default	reduce using rule 13 (tokens)



state 17

tokens  ->  NewLine .   (rule 15)

$default	reduce using rule 15 (tokens)



state 18

tokens  ->  NumberLiteral .   (rule 16)

$default	reduce using rule 16 (tokens)



state 19

tokens  ->  StringLiteral .   (rule 17)

$default	reduce using rule 17 (tokens)



state 20

punct  ->  HASH_HASH .   (rule 20)

$default	reduce using rule 20 (punct)



state 21

tokens  ->  MacroId .   (rule 14)

$default	reduce using rule 14 (tokens)



state 22

punct  ->  Punct .   (rule 19)

$default	reduce using rule 19 (punct)



state 23

tokens  ->  '{' .   (rule 10)

$default	reduce using rule 10 (tokens)



state 24

punct  ->  '}' .   (rule 30)

$default	reduce using rule 30 (punct)



state 25

punct  ->  '[' .   (rule 31)

$default	reduce using rule 31 (punct)



state 26

punct  ->  ']' .   (rule 32)

$default	reduce using rule 32 (punct)



state 27

punct  ->  '#' .   (rule 29)

$default	reduce using rule 29 (punct)



state 28

toks0  ->  '(' .   (rule 6)

$default	reduce using rule 6 (toks0)



state 29

gram  ->  ws.opt '(' args ')' .   (rule 1)

$default	reduce using rule 1 (gram)



state 30

punct  ->  ';' .   (rule 33)

$default	reduce using rule 33 (punct)



state 31

punct  ->  ':' .   (rule 34)

$default	reduce using rule 34 (punct)



state 32

punct  ->  '?' .   (rule 35)

$default	reduce using rule 35 (punct)



state 33

punct  ->  '.' .   (rule 36)

$default	reduce using rule 36 (punct)



state 34

punct  ->  '+' .   (rule 37)

$default	reduce using rule 37 (punct)



state 35

punct  ->  '-' .   (rule 38)

$default	reduce using rule 38 (punct)



state 36

punct  ->  '*' .   (rule 39)

$default	reduce using rule 39 (punct)



state 37

punct  ->  '/' .   (rule 40)

$default	reduce using rule 40 (punct)



state 38

punct  ->  '%' .   (rule 41)

$default	reduce using rule 41 (punct)



state 39

punct  ->  '^' .   (rule 42)

$default	reduce using rule 42 (punct)



state 40

punct  ->  '&' .   (rule 43)

$default	reduce using rule 43 (punct)



state 41

punct  ->  '|' .   (rule 44)

$default	reduce using rule 44 (punct)



state 42

punct  ->  '~' .   (rule 45)

$default	reduce using rule 45 (punct)



state 43

punct  ->  '!' .   (rule 46)

$default	reduce using rule 46 (punct)



state 44

punct  ->  '=' .   (rule 47)

$default	reduce using rule 47 (punct)



state 45

punct  ->  '<' .   (rule 48)

$default	reduce using rule 48 (punct)



state 46

punct  ->  '>' .   (rule 49)

$default	reduce using rule 49 (punct)



state 47

args  ->  args ',' .   (rule 5)

$default	reduce using rule 5 (args)



state 48

punct  ->  '@' .   (rule 50)

$default	reduce using rule 50 (punct)



state 49

punct  ->  '$' .   (rule 51)

$default	reduce using rule 51 (punct)



state 50

punct  ->  '\'' .   (rule 52)

$default	reduce using rule 52 (punct)



state 51

punct  ->  '"' .   (rule 53)

$default	reduce using rule 53 (punct)



state 52

punct  ->  '\\' .   (rule 54)

$default	reduce using rule 54 (punct)



state 53

tokens  ->  ' ' .   (rule 11)

$default	reduce using rule 11 (tokens)



state 54

toks0  ->  toks0 . tokens   (rule 7)
toks0  ->  toks0 . ','   (rule 8)
tokens  ->  toks0 . ')'   (rule 18)

SHL 	shift, and go to state 7
SHR 	shift, and go to state 8
EQ  	shift, and go to state 9
NE  	shift, and go to state 10
LE  	shift, and go to state 11
GE  	shift, and go to state 12
LOG_AND	shift, and go to state 13
LOG_OR	shift, and go to state 14
CharacterLiteral	shift, and go to state 15
Identifier	shift, and go to state 16
NewLine	shift, and go to state 17
NumberLiteral	shift, and go to state 18
StringLiteral	shift, and go to state 19
HASH_HASH	shift, and go to state 20
MacroId	shift, and go to state 21
Punct	shift, and go to state 22
'{' 	shift, and go to state 23
'}' 	shift, and go to state 24
'[' 	shift, and go to state 25
']' 	shift, and go to state 26
'#' 	shift, and go to state 27
'(' 	shift, and go to state 28
')' 	shift, and go to state 57
';' 	shift, and go to state 30
':' 	shift, and go to state 31
'?' 	shift, and go to state 32
'.' 	shift, and go to state 33
'+' 	shift, and go to state 34
'-' 	shift, and go to state 35
'*' 	shift, and go to state 36
'/' 	shift, and go to state 37
'%' 	shift, and go to state 38
'^' 	shift, and go to state 39
'&' 	shift, and go to state 40
'|' 	shift, and go to state 41
'~' 	shift, and go to state 42
'!' 	shift, and go to state 43
'=' 	shift, and go to state 44
'<' 	shift, and go to state 45
'>' 	shift, and go to state 46
',' 	shift, and go to state 58
'@' 	shift, and go to state 48
'$' 	shift, and go to state 49
'\''	shift, and go to state 50
'"' 	shift, and go to state 51
'\\'	shift, and go to state 52
' ' 	shift, and go to state 53

toks0	go to state 54
tokens	go to state 59
punct	go to state 56



state 55

args  ->  args tokens .   (rule 4)

$default	reduce using rule 4 (args)



state 56

tokens  ->  punct .   (rule 9)

$default	reduce using rule 9 (tokens)



state 57

tokens  ->  toks0 ')' .   (rule 18)

$default	reduce using rule 18 (tokens)



state 58

toks0  ->  toks0 ',' .   (rule 8)

$default	reduce using rule 8 (toks0)



state 59

toks0  ->  toks0 tokens .   (rule 7)

$default	reduce using rule 7 (toks0)



state 60

$   	go to state 61



state 61

$   	go to state 62



state 62

$default	accept
